
fsck_hfs started at Fri Jun 12 13:33:39 2015
** /dev/rdisk2s2 (NO WRITE)
   Executing fsck_hfs (version hfs-285).
** Checking non-journaled HFS Plus Volume.
   The volume name is Google Chrome
** Checking extents overflow file.
** Checking catalog file.
** Checking multi-linked files.
** Checking catalog hierarchy.
** Checking volume bitmap.
** Checking volume information.
** The volume Google Chrome appears to be OK.
fsck_hfs completed at Fri Jun 12 13:33:39 2015


fsck_hfs started at Fri Jun 12 14:12:46 2015
** /dev/rdisk3s2 (NO WRITE)
   Executing fsck_hfs (version hfs-285).
** Checking non-journaled HFS Plus Volume.
   The volume name is WinZip
** Checking extents overflow file.
** Checking catalog file.
** Checking multi-linked files.
** Checking catalog hierarchy.
** Checking extended attributes file.
** Checking volume bitmap.
** Checking volume information.
** The volume WinZip appears to be OK.
fsck_hfs completed at Fri Jun 12 14:12:46 2015

